{
  "RSpec": {
    "coverage": {
      "/Users/josepedraza/projects/test_trials/ticketing_platform/spec/controllers/api/v1/admin_users/support_admins_controller_spec.rb": [
        1,
        null,
        null,
        1,
        1,
        7,
        1,
        4,
        2,
        2,
        2,
        null,
        null,
        1,
        4,
        2,
        2,
        2,
        null,
        null,
        1,
        4,
        6,
        1,
        4,
        2,
        2,
        2,
        null,
        null,
        1,
        3,
        2,
        2,
        null,
        null,
        null,
        1,
        4,
        1,
        4,
        4,
        2,
        2,
        2,
        null,
        null,
        null,
        null
      ],
      "/Users/josepedraza/projects/test_trials/ticketing_platform/spec/rails_helper.rb": [
        null,
        1,
        1,
        null,
        1,
        1,
        1,
        null,
        null,
        null,
        null,
        null,
        null,
        null,
        null,
        null,
        null,
        null,
        null,
        null,
        null,
        null,
        null,
        null,
        null,
        null,
        1,
        null,
        1,
        null,
        1,
        null,
        null,
        null,
        null,
        1,
        null,
        null,
        null,
        null,
        null,
        null,
        null,
        null,
        null,
        null,
        null,
        null,
        null,
        null,
        1,
        null,
        null,
        1,
        null,
        null,
        null
      ],
      "/Users/josepedraza/projects/test_trials/ticketing_platform/app/controllers/api/v1/admin_users/support_admins_controller.rb": [
        1,
        null,
        1,
        14,
        null,
        null,
        1,
        3,
        3,
        null,
        null,
        1,
        6,
        6,
        3,
        null,
        null,
        null,
        null,
        3,
        null,
        null,
        null,
        null,
        1,
        5,
        3,
        null,
        null,
        null,
        1,
        14,
        null,
        null,
        1,
        null,
        1,
        6,
        null,
        null,
        null,
        null,
        null,
        null,
        null,
        null
      ],
      "/Users/josepedraza/projects/test_trials/ticketing_platform/app/controllers/api/v1/base_controller.rb": [
        1,
        null,
        1,
        null,
        null,
        null,
        null,
        null,
        null,
        null,
        null,
        1,
        35,
        null,
        35,
        99,
        18,
        18,
        null,
        null,
        35,
        null,
        null,
        null,
        null,
        null,
        null,
        null,
        null,
        null,
        null,
        null,
        1,
        9,
        null,
        null,
        null,
        null,
        null,
        9,
        null,
        null,
        1,
        4,
        null,
        null,
        1,
        16,
        null,
        null,
        1,
        6,
        null,
        null,
        1,
        44,
        0,
        null,
        null,
        null,
        1,
        1,
        66,
        66,
        66,
        null,
        null,
        null,
        null
      ],
      "/Users/josepedraza/projects/test_trials/ticketing_platform/app/helpers/application_helper.rb": [
        1,
        null
      ],
      "/Users/josepedraza/projects/test_trials/ticketing_platform/spec/controllers/api/v1/admin_users/tickets_controller_spec.rb": [
        1,
        null,
        1,
        1,
        7,
        7,
        4,
        1,
        4,
        2,
        2,
        2,
        null,
        null,
        1,
        4,
        4,
        2,
        2,
        2,
        null,
        null,
        null,
        1,
        9,
        9,
        1,
        1,
        4,
        16,
        null,
        4,
        null,
        4,
        null,
        2,
        2,
        2,
        2,
        null,
        1,
        1,
        4,
        16,
        16,
        null,
        4,
        4,
        null,
        2,
        2,
        2,
        2,
        null,
        null,
        null
      ],
      "/Users/josepedraza/projects/test_trials/ticketing_platform/app/controllers/api/v1/admin_users/tickets_controller.rb": [
        1,
        null,
        1,
        6,
        null,
        6,
        6,
        6,
        6,
        6,
        6,
        null,
        0,
        null,
        null,
        0,
        null,
        null,
        null,
        1,
        8,
        8,
        null,
        null,
        null,
        null,
        1,
        14,
        null,
        null,
        1,
        0,
        null,
        null,
        null
      ],
      "/Users/josepedraza/projects/test_trials/ticketing_platform/app/controllers/api/v1/tickets_controller.rb": [
        1,
        null,
        1,
        30,
        null,
        null,
        1,
        6,
        6,
        6,
        6,
        6,
        6,
        null,
        0,
        null,
        null,
        null,
        1,
        5,
        5,
        5,
        3,
        null,
        null,
        null,
        null,
        2,
        null,
        null,
        null,
        null,
        1,
        5,
        3,
        null,
        null,
        null,
        1,
        16,
        null,
        null,
        1,
        11,
        null,
        null,
        1,
        null,
        1,
        5,
        null,
        null,
        null,
        null,
        null,
        null,
        null
      ],
      "/Users/josepedraza/projects/test_trials/ticketing_platform/spec/controllers/api/v1/tickets_controller_spec.rb": [
        1,
        null,
        1,
        1,
        6,
        1,
        4,
        2,
        2,
        2,
        null,
        null,
        1,
        3,
        2,
        2,
        null,
        null,
        null,
        1,
        6,
        4,
        1,
        4,
        2,
        2,
        2,
        null,
        null,
        1,
        3,
        2,
        2,
        null,
        null,
        null,
        1,
        7,
        1,
        4,
        4,
        2,
        2,
        2,
        null,
        null,
        1,
        4,
        4,
        2,
        2,
        2,
        null,
        null,
        null,
        null
      ],
      "/Users/josepedraza/projects/test_trials/ticketing_platform/spec/models/customer_spec.rb": [
        1,
        null,
        1,
        1,
        1,
        null,
        1,
        1,
        null,
        1,
        1,
        1,
        null,
        null
      ],
      "/Users/josepedraza/projects/test_trials/ticketing_platform/spec/models/support_admin_spec.rb": [
        1,
        null,
        1,
        1,
        1,
        null,
        1,
        1,
        null,
        1,
        1,
        1,
        null,
        1,
        1,
        2,
        null,
        1,
        null,
        null
      ],
      "/Users/josepedraza/projects/test_trials/ticketing_platform/spec/models/ticket_spec.rb": [
        1,
        null,
        1,
        1,
        2,
        null,
        1,
        1,
        2,
        2,
        2,
        2,
        null,
        null,
        1,
        1,
        0,
        null,
        1,
        1,
        1,
        null,
        null,
        null,
        1,
        2,
        2,
        2,
        null,
        null
      ],
      "/Users/josepedraza/projects/test_trials/ticketing_platform/app/models/ticket.rb": [
        1,
        1,
        null,
        1,
        null,
        null,
        null,
        null,
        null,
        1,
        null,
        1,
        null,
        null,
        1,
        1,
        null,
        null,
        null,
        1,
        1,
        null,
        null,
        1,
        9,
        null,
        null,
        null,
        1,
        1,
        1,
        null,
        1,
        1,
        null,
        null,
        1,
        1,
        null,
        null,
        null,
        null,
        1,
        7,
        null,
        null,
        1,
        13,
        2,
        11,
        2,
        null,
        9,
        null,
        13,
        null,
        null,
        1,
        53,
        null,
        null,
        1,
        1,
        3,
        null,
        null,
        1,
        3,
        null,
        null,
        null
      ],
      "/Users/josepedraza/projects/test_trials/ticketing_platform/app/serializers/support_admin_serializer.rb": [
        1,
        null,
        1,
        null,
        1,
        48,
        null,
        null
      ],
      "/Users/josepedraza/projects/test_trials/ticketing_platform/app/serializers/ticket_serializer.rb": [
        1,
        1,
        null,
        1,
        52,
        null,
        null,
        1,
        52,
        null,
        null,
        1,
        52,
        null,
        null,
        null
      ],
      "/Users/josepedraza/projects/test_trials/ticketing_platform/app/lib/generate_pdf.rb": [
        1,
        1,
        null,
        0,
        null,
        0,
        0,
        0,
        null,
        null,
        null,
        null,
        null,
        null,
        null,
        null,
        null,
        null,
        null,
        null,
        null,
        null,
        null,
        null,
        null,
        null,
        0,
        0,
        0,
        0,
        0,
        null,
        null
      ],
      "/Users/josepedraza/projects/test_trials/ticketing_platform/app/serializers/report_ticket_serializer.rb": [
        1,
        1,
        null,
        1,
        16,
        null,
        null,
        null
      ]
    },
    "timestamp": 1485564883
  }
}
